<?xml version="1.0" encoding="UTF-8"?>
<testsuite xmlns:xsi="http://www.w3.org/2001/XMLSchema-instance" xsi:noNamespaceSchemaLocation="https://maven.apache.org/surefire/maven-surefire-plugin/xsd/surefire-test-report.xsd" version="3.0.2" name="ual.eda2.practica03.TSPRecursiveTest" time="0.016" tests="8" errors="0" skipped="0" failures="0">
  <properties>
[...]
</properties>
  <testcase name="testTspRecursive_TwoVertices" classname="ual.eda2.practica03.TSPRecursiveTest" time="0.007"/>
  <testcase name="testTspRecursive_NullGraph" classname="ual.eda2.practica03.TSPRecursiveTest" time="0.0"/>
  <testcase name="testTspRecursive_EmptyGraph" classname="ual.eda2.practica03.TSPRecursiveTest" time="0.0"/>
  <testcase name="testTspRecursive_SingleVertex" classname="ual.eda2.practica03.TSPRecursiveTest" time="0.0"/>
  <testcase name="testTspRecursive_CompleteGraph" classname="ual.eda2.practica03.TSPRecursiveTest" time="0.0"/>
  <testcase name="testTspRecursive_InvalidStartVertex" classname="ual.eda2.practica03.TSPRecursiveTest" time="0.0"/>
  <testcase name="testTspRecursive_DifferentStartingPoints" classname="ual.eda2.practica03.TSPRecursiveTest" time="0.001"/>
  <testcase name="testTspRecursive_LargeGraph" classname="ual.eda2.practica03.TSPRecursiveTest" time="0.0"/>
</testsuite>