<?xml version="1.0" encoding="UTF-8"?>
<testsuite xmlns:xsi="http://www.w3.org/2001/XMLSchema-instance" xsi:noNamespaceSchemaLocation="https://maven.apache.org/surefire/maven-surefire-plugin/xsd/surefire-test-report.xsd" version="3.0.2" name="ual.eda2.practica02.DijkstraEj2Test" time="0.007" tests="10" errors="0" skipped="0" failures="0">
  <properties>
[...]
</properties>
  <testcase name="testSimpleGraph" classname="ual.eda2.practica02.DijkstraEj2Test" time="0.001"/>
  <testcase name="loadGraphEdaLandLarge" classname="ual.eda2.practica02.DijkstraEj2Test" time="0.002"/>
  <testcase name="testDijkstraWithCycles" classname="ual.eda2.practica02.DijkstraEj2Test" time="0.001"/>
  <testcase name="testGraphWithCycles" classname="ual.eda2.practica02.DijkstraEj2Test" time="0.0"/>
  <testcase name="loadGraphEdaLand" classname="ual.eda2.practica02.DijkstraEj2Test" time="0.0"/>
  <testcase name="testDijkstraDisconnectedGraph" classname="ual.eda2.practica02.DijkstraEj2Test" time="0.001"/>
  <testcase name="testDijkstraSimpleGraph" classname="ual.eda2.practica02.DijkstraEj2Test" time="0.0"/>
  <testcase name="testDisconnectedGraph" classname="ual.eda2.practica02.DijkstraEj2Test" time="0.0"/>
  <testcase name="testNoPath" classname="ual.eda2.practica02.DijkstraEj2Test" time="0.001"/>
  <testcase name="testPerformanceMetrics" classname="ual.eda2.practica02.DijkstraEj2Test" time="0.0"/>
</testsuite>