-------------------------------------------------------------------------------
Test set: ual.eda2.practica02.DijkstraEj6Test
-------------------------------------------------------------------------------
Tests run: 5, Failures: 0, Errors: 0, Skipped: 0, Time elapsed: 0.003 s -- in ual.eda2.practica02.DijkstraEj6Test
ual.eda2.practica02.DijkstraEj6Test.testSimpleGraph -- Time elapsed: 0.001 s
ual.eda2.practica02.DijkstraEj6Test.testGraphWithCycles -- Time elapsed: 0.001 s
ual.eda2.practica02.DijkstraEj6Test.testDisconnectedGraph -- Time elapsed: 0 s
ual.eda2.practica02.DijkstraEj6Test.testNoPath -- Time elapsed: 0 s
ual.eda2.practica02.DijkstraEj6Test.testPerformanceMetrics -- Time elapsed: 0 s
