-------------------------------------------------------------------------------
Test set: ual.eda2.practica02.DijkstraEj3Test
-------------------------------------------------------------------------------
Tests run: 5, Failures: 0, Errors: 0, Skipped: 0, Time elapsed: 0.002 s -- in ual.eda2.practica02.DijkstraEj3Test
ual.eda2.practica02.DijkstraEj3Test.testSimpleGraph -- Time elapsed: 0 s
ual.eda2.practica02.DijkstraEj3Test.testGraphWithCycles -- Time elapsed: 0.001 s
ual.eda2.practica02.DijkstraEj3Test.testDisconnectedGraph -- Time elapsed: 0 s
ual.eda2.practica02.DijkstraEj3Test.testNoPath -- Time elapsed: 0 s
ual.eda2.practica02.DijkstraEj3Test.testPerformanceMetrics -- Time elapsed: 0 s
